#
# There is insufficient memory for the Java Runtime Environment to continue.
# Native memory allocation (malloc) failed to allocate 451536 bytes for Chunk::new
# Possible reasons:
#   The system is out of physical RAM or swap space
#   In 32 bit mode, the process size limit was hit
# Possible solutions:
#   Reduce memory load on the system
#   Increase physical memory or swap space
#   Check if swap backing store is full
#   Use 64 bit Java on a 64 bit OS
#   Decrease Java heap size (-Xmx/-Xms)
#   Decrease number of Java threads
#   Decrease Java thread stack sizes (-Xss)
#   Set larger code cache with -XX:ReservedCodeCacheSize=
# This output file may be truncated or incomplete.
#
#  Out of Memory Error (allocation.cpp:390), pid=11832, tid=0x0000000000002150
#
# JRE version: Java(TM) SE Runtime Environment (8.0_181-b13) (build 1.8.0_181-b13)
# Java VM: Java HotSpot(TM) 64-Bit Server VM (25.181-b13 mixed mode windows-amd64 compressed oops)
# Failed to write core dump. Minidumps are not enabled by default on client versions of Windows
#

---------------  T H R E A D  ---------------

Current thread (0x000000001bd34800):  JavaThread "C2 CompilerThread1" daemon [_thread_in_native, id=8528, stack(0x000000001c620000,0x000000001c720000)]

Stack: [0x000000001c620000,0x000000001c720000]
[error occurred during error reporting (printing stack bounds), id 0xc0000005]

Native frames: (J=compiled Java code, j=interpreted, Vv=VM code, C=native code)


Current CompileTask:
C2: 165919  962       4       java.util.TimSort::gallopRight (335 bytes)


---------------  P R O C E S S  ---------------

Java Threads: ( => current thread )
  0x000000001e04e800 JavaThread "Thread-1" [_thread_in_Java, id=852, stack(0x000000001ef00000,0x000000001f000000)]
  0x000000001bdd6800 JavaThread "Service Thread" daemon [_thread_blocked, id=11052, stack(0x000000001c820000,0x000000001c920000)]
  0x000000001bd37800 JavaThread "C1 CompilerThread2" daemon [_thread_blocked, id=12284, stack(0x000000001c720000,0x000000001c820000)]
=>0x000000001bd34800 JavaThread "C2 CompilerThread1" daemon [_thread_in_native, id=8528, stack(0x000000001c620000,0x000000001c720000)]
  0x000000001bd33000 JavaThread "C2 CompilerThread0" daemon [_thread_in_native, id=5392, stack(0x000000001c520000,0x000000001c620000)]
  0x0000000019f7b800 JavaThread "JDWP Event Helper Thread" daemon [_thread_blocked, id=4896, stack(0x000000001bb00000,0x000000001bc00000)]
  0x0000000019f67000 JavaThread "Attach Listener" daemon [_thread_blocked, id=8236, stack(0x000000001b900000,0x000000001ba00000)]
  0x000000001b443800 JavaThread "Signal Dispatcher" daemon [_thread_blocked, id=10604, stack(0x000000001b800000,0x000000001b900000)]
  0x000000000541d800 JavaThread "Finalizer" daemon [_thread_blocked, id=10552, stack(0x000000001b190000,0x000000001b290000)]
  0x0000000005418000 JavaThread "Reference Handler" daemon [_thread_blocked, id=11548, stack(0x000000001b090000,0x000000001b190000)]
  0x0000000004b5c800 JavaThread "main" [_thread_blocked, id=6324, stack(0x00000000050d0000,0x00000000051d0000)]

Other Threads:
  0x0000000019f08000 VMThread [stack: 0x000000001af90000,0x000000001b090000] [id=11660]
  0x000000001be29800 WatcherThread [stack: 0x000000001c920000,0x000000001ca20000] [id=6364]

VM state:not at safepoint (normal execution)

VM Mutex/Monitor currently owned by a thread: None

Heap:
 PSYoungGen      total 265216K, used 85643K [0x00000000d6000000, 0x00000000e6600000, 0x0000000100000000)
  eden space 262144K, 32% used [0x00000000d6000000,0x00000000db352dc0,0x00000000e6000000)
  from space 3072K, 10% used [0x00000000e6300000,0x00000000e6350000,0x00000000e6600000)
  to   space 3072K, 0% used [0x00000000e6000000,0x00000000e6000000,0x00000000e6300000)
 ParOldGen       total 86016K, used 1670K [0x0000000082000000, 0x0000000087400000, 0x00000000d6000000)
  object space 86016K, 1% used [0x0000000082000000,0x00000000821a1898,0x0000000087400000)
 Metaspace       used 7318K, capacity 7586K, committed 7936K, reserved 1056768K
  class space    used 833K, capacity 900K, committed 1024K, reserved 1048576K

Card table byte_map: [0x00000000147e0000,0x0000000014be0000] byte_map_base: 0x00000000143d0000

Marking Bits: (ParMarkBitMap*) 0x0000000058d52d00
 Begin Bits: [0x0000000015280000, 0x0000000017200000)
 End Bits:   [0x0000000017200000, 0x0000000019180000)

Polling page: 0x0000000004b40000

CodeCache: size=245760Kb used=4400Kb max_used=4412Kb free=241359Kb
 bounds [0x0000000005420000, 0x0000000005880000, 0x0000000014420000]
 total_blobs=1245 nmethods=930 adapters=236
 compilation: enabled

Compilation events (10 events):
Event: 165.826 Thread 0x000000001bd33000 nmethod 951 0x0000000005853e50 code [0x0000000005853fa0, 0x0000000005854058]
Event: 165.826 Thread 0x000000001bd33000  952       4       CGA.selection.TournamentSelection$$Lambda$8/613793250::<init> (10 bytes)
Event: 165.826 Thread 0x000000001bd33000 nmethod 952 0x00000000057ddb90 code [0x00000000057ddcc0, 0x00000000057ddd38]
Event: 165.828 Thread 0x000000001bd34800 nmethod 956 0x000000000568f690 code [0x000000000568f7e0, 0x000000000568fb18]
Event: 165.831 Thread 0x000000001bd33000  961       4       CGA.MocGAs.D3MOCell::addArchive (166 bytes)
Event: 165.863 Thread 0x000000001bd33000 nmethod 961 0x0000000005874950 code [0x0000000005874b60, 0x0000000005875e48]
Event: 165.863 Thread 0x000000001bd34800  962       4       java.util.TimSort::gallopRight (335 bytes)
Event: 165.863 Thread 0x000000001bd33000  963       4       java.util.TimSort::gallopLeft (335 bytes)
Event: 165.875 Thread 0x000000001bd37800  964       3       java.util.TimSort::mergeAt (358 bytes)
Event: 165.876 Thread 0x000000001bd37800 nmethod 964 0x0000000005696a50 code [0x0000000005696c20, 0x00000000056971f8]

GC Heap History (10 events):
Event: 164.098 GC heap before
{Heap before GC invocations=4 (full 0):
 PSYoungGen      total 37888K, used 34650K [0x00000000d6000000, 0x00000000daa00000, 0x0000000100000000)
  eden space 32768K, 100% used [0x00000000d6000000,0x00000000d8000000,0x00000000d8000000)
  from space 5120K, 36% used [0x00000000d8000000,0x00000000d81d6848,0x00000000d8500000)
  to   space 5120K, 0% used [0x00000000da500000,0x00000000da500000,0x00000000daa00000)
 ParOldGen       total 86016K, used 24K [0x0000000082000000, 0x0000000087400000, 0x00000000d6000000)
  object space 86016K, 0% used [0x0000000082000000,0x0000000082006000,0x0000000087400000)
 Metaspace       used 7170K, capacity 7362K, committed 7552K, reserved 1056768K
  class space    used 816K, capacity 868K, committed 896K, reserved 1048576K
Event: 164.106 GC heap after
Heap after GC invocations=4 (full 0):
 PSYoungGen      total 70656K, used 1880K [0x00000000d6000000, 0x00000000daa00000, 0x0000000100000000)
  eden space 65536K, 0% used [0x00000000d6000000,0x00000000d6000000,0x00000000da000000)
  from space 5120K, 36% used [0x00000000da500000,0x00000000da6d6010,0x00000000daa00000)
  to   space 5120K, 0% used [0x00000000da000000,0x00000000da000000,0x00000000da500000)
 ParOldGen       total 86016K, used 24K [0x0000000082000000, 0x0000000087400000, 0x00000000d6000000)
  object space 86016K, 0% used [0x0000000082000000,0x0000000082006000,0x0000000087400000)
 Metaspace       used 7170K, capacity 7362K, committed 7552K, reserved 1056768K
  class space    used 816K, capacity 868K, committed 896K, reserved 1048576K
}
Event: 164.418 GC heap before
{Heap before GC invocations=5 (full 0):
 PSYoungGen      total 70656K, used 67416K [0x00000000d6000000, 0x00000000daa00000, 0x0000000100000000)
  eden space 65536K, 100% used [0x00000000d6000000,0x00000000da000000,0x00000000da000000)
  from space 5120K, 36% used [0x00000000da500000,0x00000000da6d6010,0x00000000daa00000)
  to   space 5120K, 0% used [0x00000000da000000,0x00000000da000000,0x00000000da500000)
 ParOldGen       total 86016K, used 24K [0x0000000082000000, 0x0000000087400000, 0x00000000d6000000)
  object space 86016K, 0% used [0x0000000082000000,0x0000000082006000,0x0000000087400000)
 Metaspace       used 7171K, capacity 7362K, committed 7552K, reserved 1056768K
  class space    used 816K, capacity 868K, committed 896K, reserved 1048576K
Event: 164.421 GC heap after
Heap after GC invocations=5 (full 0):
 PSYoungGen      total 70656K, used 1864K [0x00000000d6000000, 0x00000000de500000, 0x0000000100000000)
  eden space 65536K, 0% used [0x00000000d6000000,0x00000000d6000000,0x00000000da000000)
  from space 5120K, 36% used [0x00000000da000000,0x00000000da1d2020,0x00000000da500000)
  to   space 2560K, 0% used [0x00000000de280000,0x00000000de280000,0x00000000de500000)
 ParOldGen       total 86016K, used 24K [0x0000000082000000, 0x0000000087400000, 0x00000000d6000000)
  object space 86016K, 0% used [0x0000000082000000,0x0000000082006000,0x0000000087400000)
 Metaspace       used 7171K, capacity 7362K, committed 7552K, reserved 1056768K
  class space    used 816K, capacity 868K, committed 896K, reserved 1048576K
}
Event: 164.650 GC heap before
{Heap before GC invocations=6 (full 0):
 PSYoungGen      total 70656K, used 67400K [0x00000000d6000000, 0x00000000de500000, 0x0000000100000000)
  eden space 65536K, 100% used [0x00000000d6000000,0x00000000da000000,0x00000000da000000)
  from space 5120K, 36% used [0x00000000da000000,0x00000000da1d2020,0x00000000da500000)
  to   space 2560K, 0% used [0x00000000de280000,0x00000000de280000,0x00000000de500000)
 ParOldGen       total 86016K, used 24K [0x0000000082000000, 0x0000000087400000, 0x00000000d6000000)
  object space 86016K, 0% used [0x0000000082000000,0x0000000082006000,0x0000000087400000)
 Metaspace       used 7172K, capacity 7362K, committed 7552K, reserved 1056768K
  class space    used 816K, capacity 868K, committed 896K, reserved 1048576K
Event: 164.653 GC heap after
Heap after GC invocations=6 (full 0):
 PSYoungGen      total 133632K, used 1928K [0x00000000d6000000, 0x00000000de500000, 0x0000000100000000)
  eden space 131072K, 0% used [0x00000000d6000000,0x00000000d6000000,0x00000000de000000)
  from space 2560K, 75% used [0x00000000de280000,0x00000000de462020,0x00000000de500000)
  to   space 2560K, 0% used [0x00000000de000000,0x00000000de000000,0x00000000de280000)
 ParOldGen       total 86016K, used 24K [0x0000000082000000, 0x0000000087400000, 0x00000000d6000000)
  object space 86016K, 0% used [0x0000000082000000,0x0000000082006000,0x0000000087400000)
 Metaspace       used 7172K, capacity 7362K, committed 7552K, reserved 1056768K
  class space    used 816K, capacity 868K, committed 896K, reserved 1048576K
}
Event: 165.067 GC heap before
{Heap before GC invocations=7 (full 0):
 PSYoungGen      total 133632K, used 133000K [0x00000000d6000000, 0x00000000de500000, 0x0000000100000000)
  eden space 131072K, 100% used [0x00000000d6000000,0x00000000de000000,0x00000000de000000)
  from space 2560K, 75% used [0x00000000de280000,0x00000000de462020,0x00000000de500000)
  to   space 2560K, 0% used [0x00000000de000000,0x00000000de000000,0x00000000de280000)
 ParOldGen       total 86016K, used 24K [0x0000000082000000, 0x0000000087400000, 0x00000000d6000000)
  object space 86016K, 0% used [0x0000000082000000,0x0000000082006000,0x0000000087400000)
 Metaspace       used 7173K, capacity 7362K, committed 7552K, reserved 1056768K
  class space    used 816K, capacity 868K, committed 896K, reserved 1048576K
Event: 165.071 GC heap after
Heap after GC invocations=7 (full 0):
 PSYoungGen      total 133632K, used 288K [0x00000000d6000000, 0x00000000e6600000, 0x0000000100000000)
  eden space 131072K, 0% used [0x00000000d6000000,0x00000000d6000000,0x00000000de000000)
  from space 2560K, 11% used [0x00000000de000000,0x00000000de048000,0x00000000de280000)
  to   space 3072K, 0% used [0x00000000e6300000,0x00000000e6300000,0x00000000e6600000)
 ParOldGen       total 86016K, used 1662K [0x0000000082000000, 0x0000000087400000, 0x00000000d6000000)
  object space 86016K, 1% used [0x0000000082000000,0x000000008219f898,0x0000000087400000)
 Metaspace       used 7173K, capacity 7362K, committed 7552K, reserved 1056768K
  class space    used 816K, capacity 868K, committed 896K, reserved 1048576K
}
Event: 165.423 GC heap before
{Heap before GC invocations=8 (full 0):
 PSYoungGen      total 133632K, used 131360K [0x00000000d6000000, 0x00000000e6600000, 0x0000000100000000)
  eden space 131072K, 100% used [0x00000000d6000000,0x00000000de000000,0x00000000de000000)
  from space 2560K, 11% used [0x00000000de000000,0x00000000de048000,0x00000000de280000)
  to   space 3072K, 0% used [0x00000000e6300000,0x00000000e6300000,0x00000000e6600000)
 ParOldGen       total 86016K, used 1662K [0x0000000082000000, 0x0000000087400000, 0x00000000d6000000)
  object space 86016K, 1% used [0x0000000082000000,0x000000008219f898,0x0000000087400000)
 Metaspace       used 7176K, capacity 7362K, committed 7552K, reserved 1056768K
  class space    used 816K, capacity 868K, committed 896K, reserved 1048576K
Event: 165.424 GC heap after
Heap after GC invocations=8 (full 0):
 PSYoungGen      total 265216K, used 320K [0x00000000d6000000, 0x00000000e6600000, 0x0000000100000000)
  eden space 262144K, 0% used [0x00000000d6000000,0x00000000d6000000,0x00000000e6000000)
  from space 3072K, 10% used [0x00000000e6300000,0x00000000e6350000,0x00000000e6600000)
  to   space 3072K, 0% used [0x00000000e6000000,0x00000000e6000000,0x00000000e6300000)
 ParOldGen       total 86016K, used 1670K [0x0000000082000000, 0x0000000087400000, 0x00000000d6000000)
  object space 86016K, 1% used [0x0000000082000000,0x00000000821a1898,0x0000000087400000)
 Metaspace       used 7176K, capacity 7362K, committed 7552K, reserved 1056768K
  class space    used 816K, capacity 868K, committed 896K, reserved 1048576K
}

Deoptimization events (10 events):
Event: 165.586 Thread 0x0000000004b5c800 Uncommon trap: reason=class_check action=maybe_recompile pc=0x00000000057fc474 method=java.util.TimSort.gallopRight(Ljava/lang/Object;[Ljava/lang/Object;IIILjava/util/Comparator;)I @ 44
Event: 165.586 Thread 0x0000000004b5c800 Uncommon trap: reason=class_check action=maybe_recompile pc=0x000000000581e44c method=java.util.TimSort.gallopLeft(Ljava/lang/Object;[Ljava/lang/Object;IIILjava/util/Comparator;)I @ 44
Event: 165.586 Thread 0x0000000004b5c800 Uncommon trap: reason=array_check action=maybe_recompile pc=0x00000000058231f0 method=java.util.TimSort.mergeLo(IIII)V @ 81
Event: 165.587 Thread 0x0000000004b5c800 Uncommon trap: reason=array_check action=maybe_recompile pc=0x00000000058231f0 method=java.util.TimSort.mergeLo(IIII)V @ 81
Event: 165.587 Thread 0x0000000004b5c800 Uncommon trap: reason=array_check action=maybe_recompile pc=0x000000000581a428 method=java.util.TimSort.mergeHi(IIII)V @ 101
Event: 165.587 Thread 0x0000000004b5c800 Uncommon trap: reason=array_check action=maybe_recompile pc=0x000000000581a428 method=java.util.TimSort.mergeHi(IIII)V @ 101
Event: 165.588 Thread 0x0000000004b5c800 Uncommon trap: reason=unstable_if action=reinterpret pc=0x00000000057d1d04 method=java.util.TimSort.mergeAt(I)V @ 268
Event: 165.658 Thread 0x000000001e04e800 Uncommon trap: reason=unstable_if action=reinterpret pc=0x0000000005691214 method=java.util.ArrayList.isEmpty()Z @ 4
Event: 165.775 Thread 0x000000001e04e800 Uncommon trap: reason=unstable_if action=reinterpret pc=0x0000000005755aa4 method=CGA.MocGAs.D3MOCell.addArchive(LCGA/Model/Chrome;)Z @ 11
Event: 165.777 Thread 0x000000001e04e800 Uncommon trap: reason=unstable_if action=reinterpret pc=0x00000000057a5f50 method=CGA.selection.TournamentSelection.execute(Ljava/util/List;)LCGA/Model/Chrome; @ 41

Classes redefined (0 events):
No events

Internal exceptions (10 events):
Event: 0.091 Thread 0x0000000004b5c800 Exception <a 'java/lang/NoSuchMethodError': Method sun.misc.Unsafe.prefetchRead(Ljava/lang/Object;J)V name or signature does not match> (0x00000000d6007f98) thrown at [C:\re\workspace\8-2-build-windows-amd64-cygwin\jdk8u181\11358\hotspot\src\share\vm\prim
Event: 0.491 Thread 0x0000000004b5c800 Exception <a 'java/security/PrivilegedActionException'> (0x00000000d6254b88) thrown at [C:\re\workspace\8-2-build-windows-amd64-cygwin\jdk8u181\11358\hotspot\src\share\vm\prims\jvm.cpp, line 1435]
Event: 0.491 Thread 0x0000000004b5c800 Exception <a 'java/security/PrivilegedActionException'> (0x00000000d6254d98) thrown at [C:\re\workspace\8-2-build-windows-amd64-cygwin\jdk8u181\11358\hotspot\src\share\vm\prims\jvm.cpp, line 1435]
Event: 0.614 Thread 0x0000000004b5c800 Exception <a 'java/security/PrivilegedActionException'> (0x00000000d635d1e0) thrown at [C:\re\workspace\8-2-build-windows-amd64-cygwin\jdk8u181\11358\hotspot\src\share\vm\prims\jvm.cpp, line 1435]
Event: 0.614 Thread 0x0000000004b5c800 Exception <a 'java/security/PrivilegedActionException'> (0x00000000d635d3f0) thrown at [C:\re\workspace\8-2-build-windows-amd64-cygwin\jdk8u181\11358\hotspot\src\share\vm\prims\jvm.cpp, line 1435]
Event: 0.615 Thread 0x0000000004b5c800 Exception <a 'java/security/PrivilegedActionException'> (0x00000000d635fb70) thrown at [C:\re\workspace\8-2-build-windows-amd64-cygwin\jdk8u181\11358\hotspot\src\share\vm\prims\jvm.cpp, line 1435]
Event: 0.615 Thread 0x0000000004b5c800 Exception <a 'java/security/PrivilegedActionException'> (0x00000000d635fd80) thrown at [C:\re\workspace\8-2-build-windows-amd64-cygwin\jdk8u181\11358\hotspot\src\share\vm\prims\jvm.cpp, line 1435]
Event: 1.007 Thread 0x0000000004b5c800 Exception <a 'java/io/FileNotFoundException'> (0x00000000d66a53a0) thrown at [C:\re\workspace\8-2-build-windows-amd64-cygwin\jdk8u181\11358\hotspot\src\share\vm\prims\jni.cpp, line 709]
Event: 1.409 Thread 0x0000000004b5c800 Exception <a 'java/lang/NoSuchFieldError': method resolution failed> (0x00000000d6dd0090) thrown at [C:\re\workspace\8-2-build-windows-amd64-cygwin\jdk8u181\11358\hotspot\src\share\vm\prims\methodHandles.cpp, line 1167]
Event: 1.411 Thread 0x0000000004b5c800 Exception <a 'java/lang/NoSuchFieldError': method resolution failed> (0x00000000d6dde8c0) thrown at [C:\re\workspace\8-2-build-windows-amd64-cygwin\jdk8u181\11358\hotspot\src\share\vm\prims\methodHandles.cpp, line 1167]

Events (10 events):
Event: 165.775 Thread 0x000000001e04e800 DEOPT UNPACKING pc=0x000000000546583b sp=0x000000001efff1c0 mode 2
Event: 165.777 Thread 0x000000001e04e800 Uncommon trap: trap_request=0xffffff65 fr.pc=0x00000000057a5f50
Event: 165.777 Thread 0x000000001e04e800 DEOPT PACKING pc=0x00000000057a5f50 sp=0x000000001efff1a0
Event: 165.777 Thread 0x000000001e04e800 DEOPT UNPACKING pc=0x000000000546583b sp=0x000000001efff1d8 mode 2
Event: 165.780 Thread 0x0000000019f79000 Thread exited: 0x0000000019f79000
Event: 165.797 Thread 0x000000001bd37800 flushing nmethod 0x00000000055e5e10
Event: 165.797 Thread 0x000000001bd37800 flushing nmethod 0x00000000055ebcd0
Event: 165.823 Thread 0x000000001bd33000 flushing nmethod 0x000000000567e690
Event: 165.823 Thread 0x000000001bd33000 flushing nmethod 0x000000000568f550
Event: 165.825 Thread 0x000000001bd33000 flushing nmethod 0x0000000005696910


Dynamic libraries:
0x00007ff79d530000 - 0x00007ff79d567000 	E:\Java\jdk1.8.0_181\bin\java.exe
0x00007ffbded30000 - 0x00007ffbdef10000 	C:\WINDOWS\SYSTEM32\ntdll.dll
0x00007ffbdc890000 - 0x00007ffbdc93e000 	C:\WINDOWS\System32\KERNEL32.DLL
0x00007ffbdb5c0000 - 0x00007ffbdb826000 	C:\WINDOWS\System32\KERNELBASE.dll
0x00007ffbdd2b0000 - 0x00007ffbdd351000 	C:\WINDOWS\System32\ADVAPI32.dll
0x00007ffbdcf30000 - 0x00007ffbdcfcd000 	C:\WINDOWS\System32\msvcrt.dll
0x00007ffbdc9f0000 - 0x00007ffbdca4b000 	C:\WINDOWS\System32\sechost.dll
0x00007ffbdca50000 - 0x00007ffbdcb6f000 	C:\WINDOWS\System32\RPCRT4.dll
0x00007ffbdc6d0000 - 0x00007ffbdc85f000 	C:\WINDOWS\System32\USER32.dll
0x00007ffbdb230000 - 0x00007ffbdb250000 	C:\WINDOWS\System32\win32u.dll
0x00007ffbdc510000 - 0x00007ffbdc538000 	C:\WINDOWS\System32\GDI32.dll
0x00007ffbdb420000 - 0x00007ffbdb5b3000 	C:\WINDOWS\System32\gdi32full.dll
0x00007ffbdc0b0000 - 0x00007ffbdc14b000 	C:\WINDOWS\System32\msvcp_win.dll
0x00007ffbdb130000 - 0x00007ffbdb224000 	C:\WINDOWS\System32\ucrtbase.dll
0x00007ffbcfe10000 - 0x00007ffbd0079000 	C:\WINDOWS\WinSxS\amd64_microsoft.windows.common-controls_6595b64144ccf1df_6.0.16299.1504_none_0f88b60a5a6c73b1\COMCTL32.dll
0x00007ffbdc200000 - 0x00007ffbdc506000 	C:\WINDOWS\System32\combase.dll
0x00007ffbdc030000 - 0x00007ffbdc0a8000 	C:\WINDOWS\System32\bcryptPrimitives.dll
0x00007ffbdce80000 - 0x00007ffbdcead000 	C:\WINDOWS\System32\IMM32.DLL
0x0000000058de0000 - 0x0000000058eb2000 	E:\Java\jdk1.8.0_181\jre\bin\msvcr100.dll
0x0000000058530000 - 0x0000000058dd2000 	E:\Java\jdk1.8.0_181\jre\bin\server\jvm.dll
0x00007ffbdd2a0000 - 0x00007ffbdd2a8000 	C:\WINDOWS\System32\PSAPI.DLL
0x00007ffbbaad0000 - 0x00007ffbbaad9000 	C:\WINDOWS\SYSTEM32\WSOCK32.dll
0x00007ffbdd080000 - 0x00007ffbdd0ec000 	C:\WINDOWS\System32\WS2_32.dll
0x00007ffbd7b90000 - 0x00007ffbd7bb3000 	C:\WINDOWS\SYSTEM32\WINMM.dll
0x00007ffbd5870000 - 0x00007ffbd587a000 	C:\WINDOWS\SYSTEM32\VERSION.dll
0x00007ffbd7b60000 - 0x00007ffbd7b8a000 	C:\WINDOWS\SYSTEM32\WINMMBASE.dll
0x00007ffbdc1b0000 - 0x00007ffbdc1fa000 	C:\WINDOWS\System32\cfgmgr32.dll
0x0000000059ab0000 - 0x0000000059abf000 	E:\Java\jdk1.8.0_181\jre\bin\verify.dll
0x0000000059a30000 - 0x0000000059a59000 	E:\Java\jdk1.8.0_181\jre\bin\java.dll
0x00000000583e0000 - 0x0000000058415000 	E:\Java\jdk1.8.0_181\jre\bin\jdwp.dll
0x00000000583d0000 - 0x00000000583d8000 	E:\Java\jdk1.8.0_181\jre\bin\npt.dll
0x00000000583a0000 - 0x00000000583c3000 	E:\Java\jdk1.8.0_181\jre\bin\instrument.dll
0x0000000059a10000 - 0x0000000059a26000 	E:\Java\jdk1.8.0_181\jre\bin\zip.dll
0x00007ffbdd470000 - 0x00007ffbde8ad000 	C:\WINDOWS\System32\SHELL32.dll
0x00007ffbdc940000 - 0x00007ffbdc9e6000 	C:\WINDOWS\System32\shcore.dll
0x00007ffbdb830000 - 0x00007ffbdbf7a000 	C:\WINDOWS\System32\windows.storage.dll
0x00007ffbdc5a0000 - 0x00007ffbdc5f1000 	C:\WINDOWS\System32\shlwapi.dll
0x00007ffbdb110000 - 0x00007ffbdb121000 	C:\WINDOWS\System32\kernel.appcore.dll
0x00007ffbdb0a0000 - 0x00007ffbdb0ec000 	C:\WINDOWS\System32\powrprof.dll
0x00007ffbdb080000 - 0x00007ffbdb09b000 	C:\WINDOWS\System32\profapi.dll
0x0000000058390000 - 0x0000000058399000 	E:\Java\jdk1.8.0_181\jre\bin\dt_socket.dll
0x00007ffbda880000 - 0x00007ffbda8e6000 	C:\WINDOWS\system32\mswsock.dll
0x00007ffbdaa40000 - 0x00007ffbdaa57000 	C:\WINDOWS\SYSTEM32\CRYPTSP.dll
0x00007ffbda440000 - 0x00007ffbda473000 	C:\WINDOWS\system32\rsaenh.dll
0x00007ffbdab50000 - 0x00007ffbdab75000 	C:\WINDOWS\SYSTEM32\bcrypt.dll
0x00007ffbdaf80000 - 0x00007ffbdafa9000 	C:\WINDOWS\SYSTEM32\USERENV.dll
0x00007ffbdaa60000 - 0x00007ffbdaa6b000 	C:\WINDOWS\SYSTEM32\CRYPTBASE.dll
0x00000000599f0000 - 0x0000000059a0a000 	E:\Java\jdk1.8.0_181\jre\bin\net.dll
0x00007ffbda5d0000 - 0x00007ffbda609000 	C:\WINDOWS\SYSTEM32\IPHLPAPI.DLL
0x00007ffbdc880000 - 0x00007ffbdc888000 	C:\WINDOWS\System32\NSI.dll
0x00007ffbd4970000 - 0x00007ffbd4986000 	C:\WINDOWS\SYSTEM32\dhcpcsvc6.DLL
0x00007ffbd4f20000 - 0x00007ffbd4f3a000 	C:\WINDOWS\SYSTEM32\dhcpcsvc.DLL
0x0000000058510000 - 0x0000000058521000 	E:\Java\jdk1.8.0_181\jre\bin\nio.dll

VM Arguments:
jvm_args: -agentlib:jdwp=transport=dt_socket,address=127.0.0.1:53912,suspend=y,server=n -ea -Didea.test.cyclic.buffer.size=1048576 -javaagent:C:\Users\Administrator\.IntelliJIdea2018.3\system\captureAgent\debugger-agent.jar -Dfile.encoding=UTF-8 
java_command: com.intellij.rt.execution.junit.JUnitStarter -ideVersion5 -junit4 CGA.MocGAs.test,d3_moc_test
java_class_path (initial): D:\Program Files\JetBrains\IntelliJ IDEA 2018.3.5\lib\idea_rt.jar;D:\Program Files\JetBrains\IntelliJ IDEA 2018.3.5\plugins\junit\lib\junit-rt.jar;D:\Program Files\JetBrains\IntelliJ IDEA 2018.3.5\plugins\junit\lib\junit5-rt.jar;E:\Java\jdk1.8.0_181\jre\lib\charsets.jar;E:\Java\jdk1.8.0_181\jre\lib\deploy.jar;E:\Java\jdk1.8.0_181\jre\lib\ext\access-bridge-64.jar;E:\Java\jdk1.8.0_181\jre\lib\ext\cldrdata.jar;E:\Java\jdk1.8.0_181\jre\lib\ext\dnsns.jar;E:\Java\jdk1.8.0_181\jre\lib\ext\jaccess.jar;E:\Java\jdk1.8.0_181\jre\lib\ext\jfxrt.jar;E:\Java\jdk1.8.0_181\jre\lib\ext\localedata.jar;E:\Java\jdk1.8.0_181\jre\lib\ext\nashorn.jar;E:\Java\jdk1.8.0_181\jre\lib\ext\sunec.jar;E:\Java\jdk1.8.0_181\jre\lib\ext\sunjce_provider.jar;E:\Java\jdk1.8.0_181\jre\lib\ext\sunmscapi.jar;E:\Java\jdk1.8.0_181\jre\lib\ext\sunpkcs11.jar;E:\Java\jdk1.8.0_181\jre\lib\ext\zipfs.jar;E:\Java\jdk1.8.0_181\jre\lib\javaws.jar;E:\Java\jdk1.8.0_181\jre\lib\jce.jar;E:\Java\jdk1.8.0_181\jre\lib\jfr.jar;E:\Java\jdk1.8.0_181\jre\lib\jfxswt.jar;E:\Java\jdk1.8.0_181\jre\lib\jsse.jar;E:\Java\jdk1.8.0_181\jre\lib\management-agent.jar;E:\Java\jdk1.8.0_181\jre\lib\plugin.jar;E:\Java\jdk1.8.0_181\jre\lib\resources.jar;E:\Java\jdk1.8.0_181\jre\lib\rt.jar;F:\Jres\ctm_v_3.12\target\test-classes;F:\Jres\ctm_v_3.12\target\classes;C:\Users\Administrator\.m2\repository\org\apache\commons\commons-lang3\3.2.1\commons-lang3-3.2.1.jar;C:\Users\Administrator\.m2\repository\com\google\code\gson\gson\2.8.3\gson-2.8.3.jar;C:\Users\Administrator\.m2\repository\junit\junit\4.12\junit-4.12.jar;C:\Users\Administrator\.m2\repository\org\hamcrest\hamcrest-core\1.3\hamcrest-core-1.3.jar;C:\Users\Administrator\.m2\repository\org\jgrapht\jgrapht-core\1.3.1\jgrapht-core-1.3.1.jar;C:\Users\Administrator\.m2\repository\org\jheaps\jheaps\0.10\jheaps-0.10.jar;C:\Users\Administrator\.m2\repository\commons-beanutils\commons-beanutils\1.9.2\commons-beanutils-1.9.2.jar;C:\Users\Administrator\.m2\repository\commons
Launcher Type: SUN_STANDARD

Environment Variables:
JAVA_HOME=E:\Java\jdk1.8.0_181
CLASSPATH=.;E:\Java\jdk1.8.0_181\lib\dt.jar;E:\Java\jdk1.8.0_181\lib\tools.jar
PATH=C:\Program Files (x86)\Common Files\Oracle\Java\javapath;C:\WINDOWS\system32;C:\WINDOWS;C:\WINDOWS\System32\Wbem;C:\WINDOWS\System32\WindowsPowerShell\v1.0\;E:\Python27;E:\Java\jdk1.8.0_181\bin;E:\Java\jdk1.8.0_181\jre\bin;C:\CTEX\CTeX;C:\CTEX\CTeX\Packages\ctex\bin;C:\CTEX\CTeX;C:\CTEX\CTeX\Packages\cct\bin;C:\CTEX\CTeX;C:\CTEX\CTeX\Packages\ty\bin;C:\Users\Administrator\AppData\Local\Microsoft\WindowsApps
USERNAME=Tony
OS=Windows_NT
PROCESSOR_IDENTIFIER=Intel64 Family 6 Model 58 Stepping 9, GenuineIntel



---------------  S Y S T E M  ---------------

OS: Windows 10.0 , 64 bit Build 16299 (10.0.16299.1146)

CPU:total 4 (initial active 4) (2 cores per cpu, 2 threads per core) family 6 model 58 stepping 9, cmov, cx8, fxsr, mmx, sse, sse2, sse3, ssse3, sse4.1, sse4.2, popcnt, avx, aes, clmul, erms, ht, tsc, tscinvbit, tscinv

Memory: 4k page, physical 8251156k(1640896k free), swap 8251156k(5044k free)

vm_info: Java HotSpot(TM) 64-Bit Server VM (25.181-b13) for windows-amd64 JRE (1.8.0_181-b13), built on Jul  7 2018 04:01:33 by "java_re" with MS VC++ 10.0 (VS2010)

time: Fri Jun 05 22:57:48 2020
elapsed time: 165 seconds (0d 0h 2m 45s)

